TN:
SF:operaciones.js
FN:1,(anonymous_0)
FN:8,(anonymous_1)
FN:14,(anonymous_2)
FN:15,(anonymous_3)
FN:21,residuo
FNF:5
FNH:4
FNDA:3,(anonymous_0)
FNDA:0,(anonymous_1)
FNDA:3,(anonymous_2)
FNDA:1,(anonymous_3)
FNDA:1,residuo
DA:1,1
DA:3,3
DA:4,2
DA:6,1
DA:8,1
DA:9,0
DA:10,0
DA:12,0
DA:14,3
DA:15,1
DA:16,1
DA:17,1
DA:18,1
DA:22,1
DA:23,1
DA:27,1
LF:16
LH:13
BRDA:3,0,0,2
BRDA:3,0,1,1
BRDA:3,1,0,3
BRDA:3,1,1,2
BRDA:9,2,0,0
BRDA:9,2,1,0
BRDA:9,3,0,0
BRDA:9,3,1,0
BRDA:16,4,0,0
BRDA:16,4,1,1
BRDA:17,5,0,0
BRDA:17,5,1,1
BRDA:17,6,0,1
BRDA:17,6,1,0
BRDA:22,7,0,0
BRDA:22,7,1,1
BRF:16
BRH:8
end_of_record
